<?xml version="1.0" encoding="UTF-8"?>
<!-- Generated by org.testng.reporters.JUnitXMLReporter -->
<testsuite hostname="Vinay-PC" ignored="0" tests="6" failures="2" timestamp="2022-05-23T14:42:25 IST" time="39.523" errors="0">
  <testcase name="IMDBTest1" time="16.876" classname="SimpleCodingDemo"/>
  <testcase name="IMDBTest2" time="0.219" classname="SimpleCodingDemo"/>
  <testcase name="WikipediaTest1" time="9.268" classname="SimpleCodingDemo"/>
  <testcase name="WikipediaTest2" time="0.134" classname="SimpleCodingDemo"/>
  <testcase name="CountryValidation" time="0.005" classname="SimpleCodingDemo">
    <failure type="junit.framework.AssertionFailedError" message="expected:&amp;lt;[[ChromeDriver: chrome on WINDOWS (b396a0dd36025ac5a882eed9cee31e4d)] -&amp;gt; xpath: //a[text()=&amp;apos;India&amp;apos;]]&amp;gt; but was:&amp;lt;[[ChromeDriver: chrome on WINDOWS (b396a0dd36025ac5a882eed9cee31e4d)] -&amp;gt; xpath: //td[text()=&amp;apos;India&amp;apos;]]&amp;gt;">
      <![CDATA[junit.framework.AssertionFailedError: expected:<[[ChromeDriver: chrome on WINDOWS (b396a0dd36025ac5a882eed9cee31e4d)] -> xpath: //a[text()='India']]]]><![CDATA[> but was:<[[ChromeDriver: chrome on WINDOWS (b396a0dd36025ac5a882eed9cee31e4d)] -> xpath: //td[text()='India']]]]><![CDATA[>
at junit.framework.Assert.fail(Assert.java:47)
at junit.framework.Assert.failNotEquals(Assert.java:282)
at junit.framework.Assert.assertEquals(Assert.java:64)
at junit.framework.Assert.assertEquals(Assert.java:71)
at SimpleCodingDemo.CountryValidation(SimpleCodingDemo.java:59)
at sun.reflect.NativeMethodAccessorImpl.invoke0(Native Method)
at sun.reflect.NativeMethodAccessorImpl.invoke(Unknown Source)
at sun.reflect.DelegatingMethodAccessorImpl.invoke(Unknown Source)
at java.lang.reflect.Method.invoke(Unknown Source)
at org.testng.internal.MethodInvocationHelper.invokeMethod(MethodInvocationHelper.java:133)
at org.testng.internal.TestInvoker.invokeMethod(TestInvoker.java:584)
at org.testng.internal.TestInvoker.invokeTestMethod(TestInvoker.java:172)
at org.testng.internal.MethodRunner.runInSequence(MethodRunner.java:46)
at org.testng.internal.TestInvoker$MethodInvocationAgent.invoke(TestInvoker.java:804)
at org.testng.internal.TestInvoker.invokeTestMethods(TestInvoker.java:145)
at org.testng.internal.TestMethodWorker.invokeTestMethods(TestMethodWorker.java:146)
at org.testng.internal.TestMethodWorker.run(TestMethodWorker.java:128)
at java.util.ArrayList.forEach(Unknown Source)
at org.testng.TestRunner.privateRun(TestRunner.java:770)
at org.testng.TestRunner.run(TestRunner.java:591)
at org.testng.SuiteRunner.runTest(SuiteRunner.java:402)
at org.testng.SuiteRunner.runSequentially(SuiteRunner.java:396)
at org.testng.SuiteRunner.privateRun(SuiteRunner.java:355)
at org.testng.SuiteRunner.run(SuiteRunner.java:304)
at org.testng.SuiteRunnerWorker.runSuite(SuiteRunnerWorker.java:53)
at org.testng.SuiteRunnerWorker.run(SuiteRunnerWorker.java:96)
at org.testng.TestNG.runSuitesSequentially(TestNG.java:1180)
at org.testng.TestNG.runSuitesLocally(TestNG.java:1102)
at org.testng.TestNG.runSuites(TestNG.java:1032)
at org.testng.TestNG.run(TestNG.java:1000)
at org.testng.remote.AbstractRemoteTestNG.run(AbstractRemoteTestNG.java:115)
at org.testng.remote.RemoteTestNG.initAndRun(RemoteTestNG.java:251)
at org.testng.remote.RemoteTestNG.main(RemoteTestNG.java:77)
]]>
    </failure>
  </testcase> <!-- CountryValidation -->
  <testcase name="ReleaseValidation" time="0.003" classname="SimpleCodingDemo">
    <failure type="junit.framework.AssertionFailedError" message="expected:&amp;lt;January 7, 2022 (United States)&amp;gt; but was:&amp;lt;[[ChromeDriver: chrome on WINDOWS (b396a0dd36025ac5a882eed9cee31e4d)] -&amp;gt; xpath: //td[text()=&amp;apos;India&amp;apos;]]&amp;gt;">
      <![CDATA[junit.framework.AssertionFailedError: expected:<January 7, 2022 (United States)> but was:<[[ChromeDriver: chrome on WINDOWS (b396a0dd36025ac5a882eed9cee31e4d)] -> xpath: //td[text()='India']]]]><![CDATA[>
at junit.framework.Assert.fail(Assert.java:47)
at junit.framework.Assert.failNotEquals(Assert.java:282)
at junit.framework.Assert.assertEquals(Assert.java:64)
at junit.framework.Assert.assertEquals(Assert.java:71)
at SimpleCodingDemo.ReleaseValidation(SimpleCodingDemo.java:65)
at sun.reflect.NativeMethodAccessorImpl.invoke0(Native Method)
at sun.reflect.NativeMethodAccessorImpl.invoke(Unknown Source)
at sun.reflect.DelegatingMethodAccessorImpl.invoke(Unknown Source)
at java.lang.reflect.Method.invoke(Unknown Source)
at org.testng.internal.MethodInvocationHelper.invokeMethod(MethodInvocationHelper.java:133)
at org.testng.internal.TestInvoker.invokeMethod(TestInvoker.java:584)
at org.testng.internal.TestInvoker.invokeTestMethod(TestInvoker.java:172)
at org.testng.internal.MethodRunner.runInSequence(MethodRunner.java:46)
at org.testng.internal.TestInvoker$MethodInvocationAgent.invoke(TestInvoker.java:804)
at org.testng.internal.TestInvoker.invokeTestMethods(TestInvoker.java:145)
at org.testng.internal.TestMethodWorker.invokeTestMethods(TestMethodWorker.java:146)
at org.testng.internal.TestMethodWorker.run(TestMethodWorker.java:128)
at java.util.ArrayList.forEach(Unknown Source)
at org.testng.TestRunner.privateRun(TestRunner.java:770)
at org.testng.TestRunner.run(TestRunner.java:591)
at org.testng.SuiteRunner.runTest(SuiteRunner.java:402)
at org.testng.SuiteRunner.runSequentially(SuiteRunner.java:396)
at org.testng.SuiteRunner.privateRun(SuiteRunner.java:355)
at org.testng.SuiteRunner.run(SuiteRunner.java:304)
at org.testng.SuiteRunnerWorker.runSuite(SuiteRunnerWorker.java:53)
at org.testng.SuiteRunnerWorker.run(SuiteRunnerWorker.java:96)
at org.testng.TestNG.runSuitesSequentially(TestNG.java:1180)
at org.testng.TestNG.runSuitesLocally(TestNG.java:1102)
at org.testng.TestNG.runSuites(TestNG.java:1032)
at org.testng.TestNG.run(TestNG.java:1000)
at org.testng.remote.AbstractRemoteTestNG.run(AbstractRemoteTestNG.java:115)
at org.testng.remote.RemoteTestNG.initAndRun(RemoteTestNG.java:251)
at org.testng.remote.RemoteTestNG.main(RemoteTestNG.java:77)
]]>
    </failure>
  </testcase> <!-- ReleaseValidation -->
</testsuite>
